Build started 3/16/2018 6:06:04 AM.
     1>Project "E:\RealTimeRendering\PROGRAMMABLE_PIPELINE\LIGHTS_WINDOWS_PP\New folder\Combine_Lights_Sphere\3_LIGHTS_ROTATING_PER_VERTEX_PER_FRAGMENT\LightsFragmentVertex\LightsFragmentVertex.vcxproj" on node 2 (Build target(s)).
     1>ClCompile:
         C:\Program Files (x86)\Microsoft Visual Studio 14.0\VC\bin\CL.exe /c /I"C:\glew-2.1.0\include" /ZI /nologo /W3 /WX- /sdl /Od /Oy- /D _MBCS /Gm /EHsc /RTC1 /MDd /GS /fp:precise /Zc:wchar_t /Zc:forScope /Zc:inline /Fo"Debug\\" /Fd"Debug\vc140.pdb" /Gd /TP /analyze- /errorReport:prompt 3_Lights_PerVertex_PerFragment.cpp
         3_Lights_PerVertex_PerFragment.cpp
     1>e:\realtimerendering\programmable_pipeline\lights_windows_pp\new folder\combine_lights_sphere\3_lights_rotating_per_vertex_per_fragment\lightsfragmentvertex\vmath.h(996): warning C4244: 'initializing': conversion from 'double' to 'float', possible loss of data
     1>e:\realtimerendering\programmable_pipeline\lights_windows_pp\new folder\combine_lights_sphere\3_lights_rotating_per_vertex_per_fragment\lightsfragmentvertex\3_lights_pervertex_perfragment.cpp(11): warning C4005: 'M_PI': macro redefinition
         c:\program files (x86)\windows kits\10\include\10.0.10150.0\ucrt\math.h(1001): note: see previous definition of 'M_PI'
     1>e:\realtimerendering\programmable_pipeline\lights_windows_pp\new folder\combine_lights_sphere\3_lights_rotating_per_vertex_per_fragment\lightsfragmentvertex\3_lights_pervertex_perfragment.cpp(947): warning C4244: '=': conversion from 'double' to 'GLfloat', possible loss of data
     1>e:\realtimerendering\programmable_pipeline\lights_windows_pp\new folder\combine_lights_sphere\3_lights_rotating_per_vertex_per_fragment\lightsfragmentvertex\3_lights_pervertex_perfragment.cpp(948): warning C4244: '=': conversion from 'double' to 'GLfloat', possible loss of data
     1>e:\realtimerendering\programmable_pipeline\lights_windows_pp\new folder\combine_lights_sphere\3_lights_rotating_per_vertex_per_fragment\lightsfragmentvertex\3_lights_pervertex_perfragment.cpp(950): warning C4244: '=': conversion from 'double' to 'GLfloat', possible loss of data
     1>e:\realtimerendering\programmable_pipeline\lights_windows_pp\new folder\combine_lights_sphere\3_lights_rotating_per_vertex_per_fragment\lightsfragmentvertex\3_lights_pervertex_perfragment.cpp(951): warning C4244: '=': conversion from 'double' to 'GLfloat', possible loss of data
     1>e:\realtimerendering\programmable_pipeline\lights_windows_pp\new folder\combine_lights_sphere\3_lights_rotating_per_vertex_per_fragment\lightsfragmentvertex\3_lights_pervertex_perfragment.cpp(953): warning C4244: '=': conversion from 'double' to 'GLfloat', possible loss of data
     1>e:\realtimerendering\programmable_pipeline\lights_windows_pp\new folder\combine_lights_sphere\3_lights_rotating_per_vertex_per_fragment\lightsfragmentvertex\3_lights_pervertex_perfragment.cpp(954): warning C4244: '=': conversion from 'double' to 'GLfloat', possible loss of data
     1>e:\realtimerendering\programmable_pipeline\lights_windows_pp\new folder\combine_lights_sphere\3_lights_rotating_per_vertex_per_fragment\lightsfragmentvertex\3_lights_pervertex_perfragment.cpp(1074): warning C4244: '=': conversion from 'double' to 'GLfloat', possible loss of data
     1>e:\realtimerendering\programmable_pipeline\lights_windows_pp\new folder\combine_lights_sphere\3_lights_rotating_per_vertex_per_fragment\lightsfragmentvertex\3_lights_pervertex_perfragment.cpp(1075): warning C4244: '=': conversion from 'double' to 'GLfloat', possible loss of data
     1>e:\realtimerendering\programmable_pipeline\lights_windows_pp\new folder\combine_lights_sphere\3_lights_rotating_per_vertex_per_fragment\lightsfragmentvertex\3_lights_pervertex_perfragment.cpp(1076): warning C4244: '=': conversion from 'double' to 'GLfloat', possible loss of data
       Link:
         C:\Program Files (x86)\Microsoft Visual Studio 14.0\VC\bin\link.exe /ERRORREPORT:PROMPT /OUT:"E:\RealTimeRendering\PROGRAMMABLE_PIPELINE\LIGHTS_WINDOWS_PP\New folder\Combine_Lights_Sphere\3_LIGHTS_ROTATING_PER_VERTEX_PER_FRAGMENT\LightsFragmentVertex\Debug\LightsFragmentVertex.exe" /INCREMENTAL /NOLOGO /LIBPATH:"C:\glew-2.1.0\lib\Release\Win32" /LIBPATH:"E:\RealTimeRendering\PROGRAMMABLE_PIPELINE\LIGHTS_WINDOWS_PP\New folder\Combine_Lights_Sphere\3_LIGHTS_ROTATING_PER_VERTEX_PER_FRAGMENT\LightsFragmentVertex" kernel32.lib user32.lib gdi32.lib winspool.lib comdlg32.lib advapi32.lib shell32.lib ole32.lib oleaut32.lib uuid.lib odbc32.lib odbccp32.lib /MANIFEST /MANIFESTUAC:"level='asInvoker' uiAccess='false'" /manifest:embed /Debug /PDB:"E:\RealTimeRendering\PROGRAMMABLE_PIPELINE\LIGHTS_WINDOWS_PP\New folder\Combine_Lights_Sphere\3_LIGHTS_ROTATING_PER_VERTEX_PER_FRAGMENT\LightsFragmentVertex\Debug\LightsFragmentVertex.pdb" /TLBID:1 /DYNAMICBASE /NXCOMPAT /IMPLIB:"E:\RealTimeRendering\PROGRAMMABLE_PIPELINE\LIGHTS_WINDOWS_PP\New folder\Combine_Lights_Sphere\3_LIGHTS_ROTATING_PER_VERTEX_PER_FRAGMENT\LightsFragmentVertex\Debug\LightsFragmentVertex.lib" /MACHINE:X86 Debug\3_Lights_PerVertex_PerFragment.obj
         Sphere.lib
         LightsFragmentVertex.vcxproj -> E:\RealTimeRendering\PROGRAMMABLE_PIPELINE\LIGHTS_WINDOWS_PP\New folder\Combine_Lights_Sphere\3_LIGHTS_ROTATING_PER_VERTEX_PER_FRAGMENT\LightsFragmentVertex\Debug\LightsFragmentVertex.exe
     1>Done Building Project "E:\RealTimeRendering\PROGRAMMABLE_PIPELINE\LIGHTS_WINDOWS_PP\New folder\Combine_Lights_Sphere\3_LIGHTS_ROTATING_PER_VERTEX_PER_FRAGMENT\LightsFragmentVertex\LightsFragmentVertex.vcxproj" (Build target(s)).

Build succeeded.

Time Elapsed 00:00:01.81
